SF:lib/domain/usecase/tv/search_tv_series.dart
DA:6,1
DA:10,1
DA:11,2
LF:3
LH:3
end_of_record
SF:lib/presentation/cubit/tv/tv_series_search_state.dart
DA:4,6
DA:5,1
DA:6,1
DA:10,4
DA:14,5
DA:18,2
DA:24,1
DA:25,2
DA:27,1
DA:33,1
DA:39,1
DA:40,2
DA:42,1
LF:13
LH:13
end_of_record
SF:lib/presentation/cubit/tv/tv_series_search_cbt.dart
DA:11,1
DA:13,1
DA:16,1
DA:17,1
DA:18,3
DA:19,1
DA:20,2
DA:21,2
DA:23,2
DA:24,1
LF:10
LH:10
end_of_record
SF:lib/domain/usecase/movie/search_movies.dart
DA:7,1
DA:9,1
DA:10,2
LF:3
LH:3
end_of_record
SF:lib/presentation/pages/search_page.dart
DA:13,0
DA:19,0
DA:33,0
DA:35,0
DA:36,0
DA:42,0
DA:44,0
DA:45,0
DA:46,0
DA:49,0
DA:51,0
DA:52,0
DA:55,0
DA:57,0
DA:58,0
DA:60,0
DA:63,0
DA:65,0
DA:67,0
DA:68,0
DA:70,0
DA:71,0
DA:72,0
DA:73,0
DA:74,0
DA:76,0
DA:79,0
DA:81,0
DA:82,0
DA:83,0
DA:84,0
DA:88,0
DA:90,0
DA:91,0
DA:92,0
DA:93,0
DA:94,0
DA:96,0
DA:107,0
DA:109,0
DA:111,0
DA:112,0
DA:113,0
DA:114,0
DA:117,0
DA:118,0
DA:119,0
DA:120,0
DA:130,0
DA:131,0
DA:135,0
DA:137,0
DA:140,0
DA:141,0
DA:143,0
DA:144,0
DA:145,0
DA:147,0
DA:152,0
DA:153,0
DA:158,0
DA:159,0
DA:163,0
DA:164,0
DA:166,0
DA:169,0
DA:170,0
DA:172,0
DA:173,0
DA:174,0
DA:176,0
DA:180,0
DA:181,0
DA:183,0
DA:184,0
LF:75
LH:0
end_of_record
SF:lib/presentation/cubit/movie/movie_search_cbt.dart
DA:9,1
DA:11,1
DA:13,1
DA:14,1
DA:15,3
DA:16,1
DA:17,2
DA:18,2
DA:20,2
DA:21,1
LF:10
LH:10
end_of_record
SF:lib/presentation/cubit/movie/movie_search_state.dart
DA:4,6
DA:6,1
DA:7,1
DA:11,4
DA:15,5
DA:19,2
DA:25,1
DA:26,2
DA:28,1
DA:33,1
DA:39,1
DA:40,2
DA:42,1
LF:13
LH:13
end_of_record
