SF:lib/domain/usecase/movie/get_watchlist_movies.dart
DA:7,1
DA:9,1
DA:10,2
LF:3
LH:3
end_of_record
SF:lib/domain/usecase/tv/get_watchlist_tv_series.dart
DA:6,1
DA:10,1
DA:11,2
LF:3
LH:3
end_of_record
SF:lib/presentasion/cubit/movie/movie_watchlist_state.dart
DA:4,6
DA:6,1
DA:7,1
DA:11,4
DA:15,5
DA:19,2
DA:25,1
DA:26,2
DA:28,1
DA:33,1
DA:39,1
DA:40,2
DA:42,1
LF:13
LH:13
end_of_record
SF:lib/presentasion/cubit/movie/movie_watchlist_cbt.dart
DA:9,1
DA:11,1
DA:15,1
DA:16,1
DA:17,3
DA:18,1
DA:19,4
DA:20,3
LF:8
LH:8
end_of_record
SF:lib/presentasion/cubit/tv/tv_series_watchlist_state.dart
DA:4,6
DA:6,1
DA:7,1
DA:11,4
DA:15,5
DA:19,2
DA:25,1
DA:26,2
DA:28,1
DA:33,1
DA:39,1
DA:40,2
DA:42,1
LF:13
LH:13
end_of_record
SF:lib/presentasion/cubit/tv/tv_series_watchlist_cbt.dart
DA:9,1
DA:11,1
DA:15,1
DA:16,1
DA:17,3
DA:18,1
DA:19,4
DA:20,3
LF:8
LH:8
end_of_record
SF:lib/presentasion/pages/watchlist_movies_page.dart
DA:10,0
DA:12,0
DA:13,0
DA:17,0
DA:19,0
DA:20,0
DA:21,0
DA:24,0
DA:25,0
DA:30,0
DA:32,0
DA:34,0
DA:35,0
DA:38,0
DA:40,0
DA:42,0
DA:51,0
DA:52,0
DA:53,0
DA:54,0
DA:55,0
DA:57,0
DA:58,0
DA:70,0
DA:71,0
DA:75,0
DA:76,0
DA:77,0
DA:78,0
DA:79,0
DA:81,0
DA:83,0
DA:84,0
DA:86,0
DA:93,0
DA:94,0
DA:98,0
DA:99,0
DA:100,0
DA:101,0
DA:102,0
DA:104,0
DA:106,0
DA:107,0
DA:109,0
LF:45
LH:0
end_of_record
